<?xml version="1.0" encoding="UTF-8"?>
<!-- Generated by org.testng.reporters.JUnitReportReporter -->
<testsuite hostname="server" failures="0" tests="3" name="Test_1.Demo_1" time="0.014" errors="0" timestamp="2023-06-05T15:38:35 IST" skipped="0">
  <testcase classname="Test_1.Demo_1" name="test2" time="0.002"/>
  <system-out/>
  <testcase classname="Test_1.Demo_1" name="test1" time="0.011"/>
  <system-out/>
  <testcase classname="Test_1.Demo_1" name="test3" time="0.001"/>
  <system-out/>
</testsuite> <!-- Test_1.Demo_1 -->
